This is pdfTeX, Version 3.141592653-2.6-1.40.28 (TeX Live 2025) (preloaded format=pdflatex 2025.12.31)  2 JAN 2026 21:55
entering extended mode
 restricted \write18 enabled.
 %&-line parsing enabled.
**TALKS.tex
(./TALKS.tex
LaTeX2e <2025-11-01>
L3 programming layer <2025-12-29>

! LaTeX Error: Environment longtable undefined.

See the LaTeX manual or LaTeX Companion for explanation.
Type  H <return>  for immediate help.
 ...                                              
                                                  
l.1 \begin{longtable}
                     [l]{@{}p{0.12\textwidth}p{0.88\textwidth}}
Your command was ignored.
Type  I <command> <return>  to replace it with another command,
or  <return>  to continue without it.

 
Here is how much of TeX's memory you used:
 15 strings out of 469499
 476 string characters out of 5468905
 433730 words of memory out of 5000000
 28768 multiletter control sequences out of 15000+600000
 627721 words of font info for 40 fonts, out of 8000000 for 9000
 16 hyphenation exceptions out of 8191
 12i,0n,13p,100b,16s stack positions out of 10000i,1000n,20000p,200000b,200000s
!  ==> Fatal error occurred, no output PDF file produced!
